<?xml version="1.0" encoding="UTF-8"?>
<robot generator="Robot 6.0.2 (Python 3.11.3 on win32)" generated="20230522 16:00:52.502" rpa="false" schemaversion="3">
<suite id="s1" name="Preenchimento Correto" source="c:\Users\joato\OneDrive\Documentos\Alura\projeto-curso-robot\aula - 4\aula - 4\preenchimento_correto.robot">
<test id="s1-t1" name="Verificar se ao preencher corretamente o formulário os dados são inseridos corretamente na lista e se um novo card é criado no time escolhido" line="25">
<kw name="Dado que eu acesse o Organo" library="setup_teardown" type="SETUP">
<kw name="Open Browser" library="SeleniumLibrary">
<arg>url=http://localhost:3000/</arg>
<arg>browser=Chrome</arg>
<doc>Opens a new browser instance to the optional ``url``.</doc>
<msg timestamp="20230522 16:00:53.421" level="INFO">Opening browser 'Chrome' to base url 'http://localhost:3000/'.</msg>
<msg timestamp="20230522 16:00:53.438" level="INFO">Executing: C:\Users\joato\AppData\Local\Programs\Python\Python311\Lib\site-packages\selenium\webdriver\common\windows\selenium-manager.exe --browser chrome --output json</msg>
<status status="PASS" starttime="20230522 16:00:53.420" endtime="20230522 16:00:55.636"/>
</kw>
<status status="PASS" starttime="20230522 16:00:53.419" endtime="20230522 16:00:55.637"/>
</kw>
<kw name="Dado que eu preencha os campos do formulário">
<kw name="First Name" library="FakerLibrary">
<var>${Nome}</var>
<msg timestamp="20230522 16:00:55.640" level="INFO">${Nome} = Alice</msg>
<status status="PASS" starttime="20230522 16:00:55.640" endtime="20230522 16:00:55.642"/>
</kw>
<kw name="Input Text" library="SeleniumLibrary">
<arg>${CAMPO_NOME}</arg>
<arg>${Nome}</arg>
<doc>Types the given ``text`` into the text field identified by ``locator``.</doc>
<msg timestamp="20230522 16:00:55.643" level="INFO">Typing text 'Alice' into text field 'id:form-nome'.</msg>
<status status="PASS" starttime="20230522 16:00:55.642" endtime="20230522 16:00:55.884"/>
</kw>
<kw name="Job" library="FakerLibrary">
<var>${Cargo}</var>
<msg timestamp="20230522 16:00:55.885" level="INFO">${Cargo} = Marechal</msg>
<status status="PASS" starttime="20230522 16:00:55.884" endtime="20230522 16:00:55.885"/>
</kw>
<kw name="Input Text" library="SeleniumLibrary">
<arg>${CAMPO_CARGO}</arg>
<arg>${Cargo}</arg>
<doc>Types the given ``text`` into the text field identified by ``locator``.</doc>
<msg timestamp="20230522 16:00:55.886" level="INFO">Typing text 'Marechal' into text field 'id:form-cargo'.</msg>
<status status="PASS" starttime="20230522 16:00:55.885" endtime="20230522 16:00:56.035"/>
</kw>
<kw name="Image Url" library="FakerLibrary">
<var>${Imagem}</var>
<doc>Returns URL to placeholder image
Example: http://placehold.it/640x480</doc>
<msg timestamp="20230522 16:00:56.036" level="INFO">${Imagem} = https://dummyimage.com/17x630</msg>
<status status="PASS" starttime="20230522 16:00:56.035" endtime="20230522 16:00:56.036"/>
</kw>
<kw name="Input Text" library="SeleniumLibrary">
<arg>${CAMPO_IMAGEM}</arg>
<arg>${Imagem}</arg>
<doc>Types the given ``text`` into the text field identified by ``locator``.</doc>
<msg timestamp="20230522 16:00:56.038" level="INFO">Typing text 'https://dummyimage.com/17x630' into text field 'id:form-imagem'.</msg>
<status status="PASS" starttime="20230522 16:00:56.037" endtime="20230522 16:00:56.212"/>
</kw>
<kw name="Click Element" library="SeleniumLibrary">
<arg>${CAMPO_TIME}</arg>
<doc>Click the element identified by ``locator``.</doc>
<msg timestamp="20230522 16:00:56.214" level="INFO">Clicking element 'class:lista-suspensa'.</msg>
<status status="PASS" starttime="20230522 16:00:56.213" endtime="20230522 16:00:56.330"/>
</kw>
<kw name="Click Element" library="SeleniumLibrary">
<arg>${selecionar_time}[0]</arg>
<doc>Click the element identified by ``locator``.</doc>
<msg timestamp="20230522 16:00:56.331" level="INFO">Clicking element '//option[contains(.,'Programação')]'.</msg>
<status status="PASS" starttime="20230522 16:00:56.330" endtime="20230522 16:00:56.386"/>
</kw>
<status status="PASS" starttime="20230522 16:00:55.638" endtime="20230522 16:00:56.386"/>
</kw>
<kw name="E clique no botão &quot;Criar Card&quot;">
<kw name="Click Element" library="SeleniumLibrary">
<arg>${BOTAO_CARD}</arg>
<doc>Click the element identified by ``locator``.</doc>
<msg timestamp="20230522 16:00:56.390" level="INFO">Clicking element 'id:form-botao'.</msg>
<status status="PASS" starttime="20230522 16:00:56.389" endtime="20230522 16:00:56.498"/>
</kw>
<status status="PASS" starttime="20230522 16:00:56.388" endtime="20230522 16:00:56.498"/>
</kw>
<kw name="Então identificar o card no time esperado">
<kw name="Element Should Be Visible" library="SeleniumLibrary">
<arg>class:colaborador</arg>
<doc>Verifies that the element identified by ``locator`` is visible.</doc>
<msg timestamp="20230522 16:00:56.624" level="INFO">Element 'class:colaborador' is displayed.</msg>
<status status="PASS" starttime="20230522 16:00:56.501" endtime="20230522 16:00:56.624"/>
</kw>
<status status="PASS" starttime="20230522 16:00:56.499" endtime="20230522 16:00:56.625"/>
</kw>
<kw name="Fechar o navegador" library="setup_teardown" type="TEARDOWN">
<kw name="Close Browser" library="SeleniumLibrary">
<doc>Closes the current browser.</doc>
<status status="PASS" starttime="20230522 16:00:56.628" endtime="20230522 16:00:58.804"/>
</kw>
<status status="PASS" starttime="20230522 16:00:56.626" endtime="20230522 16:00:58.805"/>
</kw>
<status status="PASS" starttime="20230522 16:00:53.418" endtime="20230522 16:00:58.806"/>
</test>
<test id="s1-t2" name="Verificar se é possivel criar mais de um card se preenchermos os campos corretamente" line="30">
<kw name="Dado que eu acesse o Organo" library="setup_teardown" type="SETUP">
<kw name="Open Browser" library="SeleniumLibrary">
<arg>url=http://localhost:3000/</arg>
<arg>browser=Chrome</arg>
<doc>Opens a new browser instance to the optional ``url``.</doc>
<msg timestamp="20230522 16:00:58.815" level="INFO">Opening browser 'Chrome' to base url 'http://localhost:3000/'.</msg>
<msg timestamp="20230522 16:00:58.836" level="INFO">Executing: C:\Users\joato\AppData\Local\Programs\Python\Python311\Lib\site-packages\selenium\webdriver\common\windows\selenium-manager.exe --browser chrome --output json</msg>
<status status="PASS" starttime="20230522 16:00:58.814" endtime="20230522 16:01:01.031"/>
</kw>
<status status="PASS" starttime="20230522 16:00:58.813" endtime="20230522 16:01:01.032"/>
</kw>
<kw name="Dado que eu preencha os campos do formulário">
<kw name="First Name" library="FakerLibrary">
<var>${Nome}</var>
<msg timestamp="20230522 16:01:01.034" level="INFO">${Nome} = Isaac</msg>
<status status="PASS" starttime="20230522 16:01:01.034" endtime="20230522 16:01:01.035"/>
</kw>
<kw name="Input Text" library="SeleniumLibrary">
<arg>${CAMPO_NOME}</arg>
<arg>${Nome}</arg>
<doc>Types the given ``text`` into the text field identified by ``locator``.</doc>
<msg timestamp="20230522 16:01:01.036" level="INFO">Typing text 'Isaac' into text field 'id:form-nome'.</msg>
<status status="PASS" starttime="20230522 16:01:01.035" endtime="20230522 16:01:01.322"/>
</kw>
<kw name="Job" library="FakerLibrary">
<var>${Cargo}</var>
<msg timestamp="20230522 16:01:01.324" level="INFO">${Cargo} = Engenheiro de minas</msg>
<status status="PASS" starttime="20230522 16:01:01.323" endtime="20230522 16:01:01.324"/>
</kw>
<kw name="Input Text" library="SeleniumLibrary">
<arg>${CAMPO_CARGO}</arg>
<arg>${Cargo}</arg>
<doc>Types the given ``text`` into the text field identified by ``locator``.</doc>
<msg timestamp="20230522 16:01:01.325" level="INFO">Typing text 'Engenheiro de minas' into text field 'id:form-cargo'.</msg>
<status status="PASS" starttime="20230522 16:01:01.324" endtime="20230522 16:01:01.515"/>
</kw>
<kw name="Image Url" library="FakerLibrary">
<var>${Imagem}</var>
<doc>Returns URL to placeholder image
Example: http://placehold.it/640x480</doc>
<msg timestamp="20230522 16:01:01.517" level="INFO">${Imagem} = https://dummyimage.com/808x693</msg>
<status status="PASS" starttime="20230522 16:01:01.516" endtime="20230522 16:01:01.517"/>
</kw>
<kw name="Input Text" library="SeleniumLibrary">
<arg>${CAMPO_IMAGEM}</arg>
<arg>${Imagem}</arg>
<doc>Types the given ``text`` into the text field identified by ``locator``.</doc>
<msg timestamp="20230522 16:01:01.518" level="INFO">Typing text 'https://dummyimage.com/808x693' into text field 'id:form-imagem'.</msg>
<status status="PASS" starttime="20230522 16:01:01.518" endtime="20230522 16:01:01.710"/>
</kw>
<kw name="Click Element" library="SeleniumLibrary">
<arg>${CAMPO_TIME}</arg>
<doc>Click the element identified by ``locator``.</doc>
<msg timestamp="20230522 16:01:01.712" level="INFO">Clicking element 'class:lista-suspensa'.</msg>
<status status="PASS" starttime="20230522 16:01:01.711" endtime="20230522 16:01:01.819"/>
</kw>
<kw name="Click Element" library="SeleniumLibrary">
<arg>${selecionar_time}[0]</arg>
<doc>Click the element identified by ``locator``.</doc>
<msg timestamp="20230522 16:01:01.820" level="INFO">Clicking element '//option[contains(.,'Programação')]'.</msg>
<status status="PASS" starttime="20230522 16:01:01.819" endtime="20230522 16:01:01.894"/>
</kw>
<status status="PASS" starttime="20230522 16:01:01.033" endtime="20230522 16:01:01.894"/>
</kw>
<kw name="E clique no botão &quot;Criar Card&quot;">
<kw name="Click Element" library="SeleniumLibrary">
<arg>${BOTAO_CARD}</arg>
<doc>Click the element identified by ``locator``.</doc>
<msg timestamp="20230522 16:01:01.897" level="INFO">Clicking element 'id:form-botao'.</msg>
<status status="PASS" starttime="20230522 16:01:01.896" endtime="20230522 16:01:02.022"/>
</kw>
<status status="PASS" starttime="20230522 16:01:01.895" endtime="20230522 16:01:02.023"/>
</kw>
<kw name="Então identificar 50 cards no time esperado">
<for flavor="IN RANGE">
<var>${i}</var>
<value>1</value>
<value>3</value>
<iter>
<var name="${i}">1</var>
<kw name="Dado que eu preencha os campos do formulário">
<kw name="First Name" library="FakerLibrary">
<var>${Nome}</var>
<msg timestamp="20230522 16:01:02.027" level="INFO">${Nome} = Vinicius</msg>
<status status="PASS" starttime="20230522 16:01:02.026" endtime="20230522 16:01:02.028"/>
</kw>
<kw name="Input Text" library="SeleniumLibrary">
<arg>${CAMPO_NOME}</arg>
<arg>${Nome}</arg>
<doc>Types the given ``text`` into the text field identified by ``locator``.</doc>
<msg timestamp="20230522 16:01:02.029" level="INFO">Typing text 'Vinicius' into text field 'id:form-nome'.</msg>
<status status="PASS" starttime="20230522 16:01:02.028" endtime="20230522 16:01:02.160"/>
</kw>
<kw name="Job" library="FakerLibrary">
<var>${Cargo}</var>
<msg timestamp="20230522 16:01:02.161" level="INFO">${Cargo} = Juiz de futebol</msg>
<status status="PASS" starttime="20230522 16:01:02.161" endtime="20230522 16:01:02.162"/>
</kw>
<kw name="Input Text" library="SeleniumLibrary">
<arg>${CAMPO_CARGO}</arg>
<arg>${Cargo}</arg>
<doc>Types the given ``text`` into the text field identified by ``locator``.</doc>
<msg timestamp="20230522 16:01:02.163" level="INFO">Typing text 'Juiz de futebol' into text field 'id:form-cargo'.</msg>
<status status="PASS" starttime="20230522 16:01:02.162" endtime="20230522 16:01:02.325"/>
</kw>
<kw name="Image Url" library="FakerLibrary">
<var>${Imagem}</var>
<doc>Returns URL to placeholder image
Example: http://placehold.it/640x480</doc>
<msg timestamp="20230522 16:01:02.326" level="INFO">${Imagem} = https://placekitten.com/925/597</msg>
<status status="PASS" starttime="20230522 16:01:02.326" endtime="20230522 16:01:02.326"/>
</kw>
<kw name="Input Text" library="SeleniumLibrary">
<arg>${CAMPO_IMAGEM}</arg>
<arg>${Imagem}</arg>
<doc>Types the given ``text`` into the text field identified by ``locator``.</doc>
<msg timestamp="20230522 16:01:02.328" level="INFO">Typing text 'https://placekitten.com/925/597' into text field 'id:form-imagem'.</msg>
<status status="PASS" starttime="20230522 16:01:02.327" endtime="20230522 16:01:02.531"/>
</kw>
<kw name="Click Element" library="SeleniumLibrary">
<arg>${CAMPO_TIME}</arg>
<doc>Click the element identified by ``locator``.</doc>
<msg timestamp="20230522 16:01:02.532" level="INFO">Clicking element 'class:lista-suspensa'.</msg>
<status status="PASS" starttime="20230522 16:01:02.531" endtime="20230522 16:01:02.657"/>
</kw>
<kw name="Click Element" library="SeleniumLibrary">
<arg>${selecionar_time}[0]</arg>
<doc>Click the element identified by ``locator``.</doc>
<msg timestamp="20230522 16:01:02.659" level="INFO">Clicking element '//option[contains(.,'Programação')]'.</msg>
<status status="PASS" starttime="20230522 16:01:02.658" endtime="20230522 16:01:02.717"/>
</kw>
<status status="PASS" starttime="20230522 16:01:02.026" endtime="20230522 16:01:02.718"/>
</kw>
<kw name="E clique no botão &quot;Criar Card&quot;">
<kw name="Click Element" library="SeleniumLibrary">
<arg>${BOTAO_CARD}</arg>
<doc>Click the element identified by ``locator``.</doc>
<msg timestamp="20230522 16:01:02.719" level="INFO">Clicking element 'id:form-botao'.</msg>
<status status="PASS" starttime="20230522 16:01:02.719" endtime="20230522 16:01:02.808"/>
</kw>
<status status="PASS" starttime="20230522 16:01:02.718" endtime="20230522 16:01:02.808"/>
</kw>
<status status="PASS" starttime="20230522 16:01:02.026" endtime="20230522 16:01:02.808"/>
</iter>
<iter>
<var name="${i}">2</var>
<kw name="Dado que eu preencha os campos do formulário">
<kw name="First Name" library="FakerLibrary">
<var>${Nome}</var>
<msg timestamp="20230522 16:01:02.811" level="INFO">${Nome} = Ana Beatriz</msg>
<status status="PASS" starttime="20230522 16:01:02.810" endtime="20230522 16:01:02.811"/>
</kw>
<kw name="Input Text" library="SeleniumLibrary">
<arg>${CAMPO_NOME}</arg>
<arg>${Nome}</arg>
<doc>Types the given ``text`` into the text field identified by ``locator``.</doc>
<msg timestamp="20230522 16:01:02.812" level="INFO">Typing text 'Ana Beatriz' into text field 'id:form-nome'.</msg>
<status status="PASS" starttime="20230522 16:01:02.811" endtime="20230522 16:01:02.977"/>
</kw>
<kw name="Job" library="FakerLibrary">
<var>${Cargo}</var>
<msg timestamp="20230522 16:01:02.978" level="INFO">${Cargo} = Geógrafo</msg>
<status status="PASS" starttime="20230522 16:01:02.978" endtime="20230522 16:01:02.979"/>
</kw>
<kw name="Input Text" library="SeleniumLibrary">
<arg>${CAMPO_CARGO}</arg>
<arg>${Cargo}</arg>
<doc>Types the given ``text`` into the text field identified by ``locator``.</doc>
<msg timestamp="20230522 16:01:02.979" level="INFO">Typing text 'Geógrafo' into text field 'id:form-cargo'.</msg>
<status status="PASS" starttime="20230522 16:01:02.979" endtime="20230522 16:01:03.125"/>
</kw>
<kw name="Image Url" library="FakerLibrary">
<var>${Imagem}</var>
<doc>Returns URL to placeholder image
Example: http://placehold.it/640x480</doc>
<msg timestamp="20230522 16:01:03.126" level="INFO">${Imagem} = https://picsum.photos/234/378</msg>
<status status="PASS" starttime="20230522 16:01:03.125" endtime="20230522 16:01:03.127"/>
</kw>
<kw name="Input Text" library="SeleniumLibrary">
<arg>${CAMPO_IMAGEM}</arg>
<arg>${Imagem}</arg>
<doc>Types the given ``text`` into the text field identified by ``locator``.</doc>
<msg timestamp="20230522 16:01:03.129" level="INFO">Typing text 'https://picsum.photos/234/378' into text field 'id:form-imagem'.</msg>
<status status="PASS" starttime="20230522 16:01:03.127" endtime="20230522 16:01:03.309"/>
</kw>
<kw name="Click Element" library="SeleniumLibrary">
<arg>${CAMPO_TIME}</arg>
<doc>Click the element identified by ``locator``.</doc>
<msg timestamp="20230522 16:01:03.310" level="INFO">Clicking element 'class:lista-suspensa'.</msg>
<status status="PASS" starttime="20230522 16:01:03.309" endtime="20230522 16:01:03.445"/>
</kw>
<kw name="Click Element" library="SeleniumLibrary">
<arg>${selecionar_time}[0]</arg>
<doc>Click the element identified by ``locator``.</doc>
<msg timestamp="20230522 16:01:03.446" level="INFO">Clicking element '//option[contains(.,'Programação')]'.</msg>
<status status="PASS" starttime="20230522 16:01:03.445" endtime="20230522 16:01:03.505"/>
</kw>
<status status="PASS" starttime="20230522 16:01:02.809" endtime="20230522 16:01:03.506"/>
</kw>
<kw name="E clique no botão &quot;Criar Card&quot;">
<kw name="Click Element" library="SeleniumLibrary">
<arg>${BOTAO_CARD}</arg>
<doc>Click the element identified by ``locator``.</doc>
<msg timestamp="20230522 16:01:03.509" level="INFO">Clicking element 'id:form-botao'.</msg>
<status status="PASS" starttime="20230522 16:01:03.508" endtime="20230522 16:01:03.592"/>
</kw>
<status status="PASS" starttime="20230522 16:01:03.507" endtime="20230522 16:01:03.592"/>
</kw>
<status status="PASS" starttime="20230522 16:01:02.809" endtime="20230522 16:01:03.592"/>
</iter>
<status status="PASS" starttime="20230522 16:01:02.025" endtime="20230522 16:01:03.593"/>
</for>
<kw name="Sleep" library="BuiltIn">
<arg>10s</arg>
<doc>Pauses the test executed for the given time.</doc>
<msg timestamp="20230522 16:01:13.594" level="INFO">Slept 10 seconds</msg>
<status status="PASS" starttime="20230522 16:01:03.593" endtime="20230522 16:01:13.594"/>
</kw>
<status status="PASS" starttime="20230522 16:01:02.024" endtime="20230522 16:01:13.594"/>
</kw>
<kw name="Fechar o navegador" library="setup_teardown" type="TEARDOWN">
<kw name="Close Browser" library="SeleniumLibrary">
<doc>Closes the current browser.</doc>
<status status="PASS" starttime="20230522 16:01:13.596" endtime="20230522 16:01:15.778"/>
</kw>
<status status="PASS" starttime="20230522 16:01:13.596" endtime="20230522 16:01:15.778"/>
</kw>
<status status="PASS" starttime="20230522 16:00:58.811" endtime="20230522 16:01:15.779"/>
</test>
<test id="s1-t3" name="Verificar se é possível criar um card para cada time se preenchermos os campos corretamente" line="35">
<kw name="Dado que eu acesse o Organo" library="setup_teardown" type="SETUP">
<kw name="Open Browser" library="SeleniumLibrary">
<arg>url=http://localhost:3000/</arg>
<arg>browser=Chrome</arg>
<doc>Opens a new browser instance to the optional ``url``.</doc>
<msg timestamp="20230522 16:01:15.784" level="INFO">Opening browser 'Chrome' to base url 'http://localhost:3000/'.</msg>
<msg timestamp="20230522 16:01:15.800" level="INFO">Executing: C:\Users\joato\AppData\Local\Programs\Python\Python311\Lib\site-packages\selenium\webdriver\common\windows\selenium-manager.exe --browser chrome --output json</msg>
<status status="PASS" starttime="20230522 16:01:15.784" endtime="20230522 16:01:17.924"/>
</kw>
<status status="PASS" starttime="20230522 16:01:15.784" endtime="20230522 16:01:17.924"/>
</kw>
<kw name="Dado que eu preencha os campos do formulário">
<kw name="First Name" library="FakerLibrary">
<var>${Nome}</var>
<msg timestamp="20230522 16:01:17.928" level="INFO">${Nome} = Emanuelly</msg>
<status status="PASS" starttime="20230522 16:01:17.927" endtime="20230522 16:01:17.928"/>
</kw>
<kw name="Input Text" library="SeleniumLibrary">
<arg>${CAMPO_NOME}</arg>
<arg>${Nome}</arg>
<doc>Types the given ``text`` into the text field identified by ``locator``.</doc>
<msg timestamp="20230522 16:01:17.930" level="INFO">Typing text 'Emanuelly' into text field 'id:form-nome'.</msg>
<status status="PASS" starttime="20230522 16:01:17.928" endtime="20230522 16:01:18.200"/>
</kw>
<kw name="Job" library="FakerLibrary">
<var>${Cargo}</var>
<msg timestamp="20230522 16:01:18.201" level="INFO">${Cargo} = Jogador de tênis de mesa</msg>
<status status="PASS" starttime="20230522 16:01:18.201" endtime="20230522 16:01:18.201"/>
</kw>
<kw name="Input Text" library="SeleniumLibrary">
<arg>${CAMPO_CARGO}</arg>
<arg>${Cargo}</arg>
<doc>Types the given ``text`` into the text field identified by ``locator``.</doc>
<msg timestamp="20230522 16:01:18.202" level="INFO">Typing text 'Jogador de tênis de mesa' into text field 'id:form-cargo'.</msg>
<status status="PASS" starttime="20230522 16:01:18.201" endtime="20230522 16:01:18.384"/>
</kw>
<kw name="Image Url" library="FakerLibrary">
<var>${Imagem}</var>
<doc>Returns URL to placeholder image
Example: http://placehold.it/640x480</doc>
<msg timestamp="20230522 16:01:18.385" level="INFO">${Imagem} = https://placekitten.com/973/676</msg>
<status status="PASS" starttime="20230522 16:01:18.384" endtime="20230522 16:01:18.385"/>
</kw>
<kw name="Input Text" library="SeleniumLibrary">
<arg>${CAMPO_IMAGEM}</arg>
<arg>${Imagem}</arg>
<doc>Types the given ``text`` into the text field identified by ``locator``.</doc>
<msg timestamp="20230522 16:01:18.386" level="INFO">Typing text 'https://placekitten.com/973/676' into text field 'id:form-imagem'.</msg>
<status status="PASS" starttime="20230522 16:01:18.385" endtime="20230522 16:01:18.572"/>
</kw>
<kw name="Click Element" library="SeleniumLibrary">
<arg>${CAMPO_TIME}</arg>
<doc>Click the element identified by ``locator``.</doc>
<msg timestamp="20230522 16:01:18.575" level="INFO">Clicking element 'class:lista-suspensa'.</msg>
<status status="PASS" starttime="20230522 16:01:18.573" endtime="20230522 16:01:18.706"/>
</kw>
<kw name="Click Element" library="SeleniumLibrary">
<arg>${selecionar_time}[0]</arg>
<doc>Click the element identified by ``locator``.</doc>
<msg timestamp="20230522 16:01:18.708" level="INFO">Clicking element '//option[contains(.,'Programação')]'.</msg>
<status status="PASS" starttime="20230522 16:01:18.706" endtime="20230522 16:01:18.767"/>
</kw>
<status status="PASS" starttime="20230522 16:01:17.926" endtime="20230522 16:01:18.767"/>
</kw>
<kw name="Então criar card e identificar 1 card em cada time disponível">
<for flavor="IN ENUMERATE">
<var>${indice}</var>
<var>${time}</var>
<value>@{selecionar_time}</value>
<iter>
<var name="${indice}">0</var>
<var name="${time}">//option[contains(.,'Programação')]</var>
<kw name="Dado que eu preencha os campos do formulário">
<kw name="First Name" library="FakerLibrary">
<var>${Nome}</var>
<msg timestamp="20230522 16:01:18.771" level="INFO">${Nome} = Ana Lívia</msg>
<status status="PASS" starttime="20230522 16:01:18.770" endtime="20230522 16:01:18.771"/>
</kw>
<kw name="Input Text" library="SeleniumLibrary">
<arg>${CAMPO_NOME}</arg>
<arg>${Nome}</arg>
<doc>Types the given ``text`` into the text field identified by ``locator``.</doc>
<msg timestamp="20230522 16:01:18.774" level="INFO">Typing text 'Ana Lívia' into text field 'id:form-nome'.</msg>
<status status="PASS" starttime="20230522 16:01:18.772" endtime="20230522 16:01:18.965"/>
</kw>
<kw name="Job" library="FakerLibrary">
<var>${Cargo}</var>
<msg timestamp="20230522 16:01:18.965" level="INFO">${Cargo} = Arqueólogo</msg>
<status status="PASS" starttime="20230522 16:01:18.965" endtime="20230522 16:01:18.965"/>
</kw>
<kw name="Input Text" library="SeleniumLibrary">
<arg>${CAMPO_CARGO}</arg>
<arg>${Cargo}</arg>
<doc>Types the given ``text`` into the text field identified by ``locator``.</doc>
<msg timestamp="20230522 16:01:18.967" level="INFO">Typing text 'Arqueólogo' into text field 'id:form-cargo'.</msg>
<status status="PASS" starttime="20230522 16:01:18.967" endtime="20230522 16:01:19.117"/>
</kw>
<kw name="Image Url" library="FakerLibrary">
<var>${Imagem}</var>
<doc>Returns URL to placeholder image
Example: http://placehold.it/640x480</doc>
<msg timestamp="20230522 16:01:19.118" level="INFO">${Imagem} = https://placekitten.com/514/311</msg>
<status status="PASS" starttime="20230522 16:01:19.117" endtime="20230522 16:01:19.118"/>
</kw>
<kw name="Input Text" library="SeleniumLibrary">
<arg>${CAMPO_IMAGEM}</arg>
<arg>${Imagem}</arg>
<doc>Types the given ``text`` into the text field identified by ``locator``.</doc>
<msg timestamp="20230522 16:01:19.119" level="INFO">Typing text 'https://placekitten.com/514/311' into text field 'id:form-imagem'.</msg>
<status status="PASS" starttime="20230522 16:01:19.118" endtime="20230522 16:01:19.295"/>
</kw>
<kw name="Click Element" library="SeleniumLibrary">
<arg>${CAMPO_TIME}</arg>
<doc>Click the element identified by ``locator``.</doc>
<msg timestamp="20230522 16:01:19.296" level="INFO">Clicking element 'class:lista-suspensa'.</msg>
<status status="PASS" starttime="20230522 16:01:19.295" endtime="20230522 16:01:19.417"/>
</kw>
<kw name="Click Element" library="SeleniumLibrary">
<arg>${selecionar_time}[0]</arg>
<doc>Click the element identified by ``locator``.</doc>
<msg timestamp="20230522 16:01:19.418" level="INFO">Clicking element '//option[contains(.,'Programação')]'.</msg>
<status status="PASS" starttime="20230522 16:01:19.417" endtime="20230522 16:01:19.457"/>
</kw>
<status status="PASS" starttime="20230522 16:01:18.770" endtime="20230522 16:01:19.458"/>
</kw>
<kw name="Click Element" library="SeleniumLibrary">
<arg>${time}</arg>
<doc>Click the element identified by ``locator``.</doc>
<msg timestamp="20230522 16:01:19.459" level="INFO">Clicking element '//option[contains(.,'Programação')]'.</msg>
<status status="PASS" starttime="20230522 16:01:19.458" endtime="20230522 16:01:19.499"/>
</kw>
<kw name="E clique no botão &quot;Criar Card&quot;">
<kw name="Click Element" library="SeleniumLibrary">
<arg>${BOTAO_CARD}</arg>
<doc>Click the element identified by ``locator``.</doc>
<msg timestamp="20230522 16:01:19.501" level="INFO">Clicking element 'id:form-botao'.</msg>
<status status="PASS" starttime="20230522 16:01:19.500" endtime="20230522 16:01:19.627"/>
</kw>
<status status="PASS" starttime="20230522 16:01:19.500" endtime="20230522 16:01:19.628"/>
</kw>
<status status="PASS" starttime="20230522 16:01:18.770" endtime="20230522 16:01:19.628"/>
</iter>
<iter>
<var name="${indice}">1</var>
<var name="${time}">//option[contains(.,'Front-End')]</var>
<kw name="Dado que eu preencha os campos do formulário">
<kw name="First Name" library="FakerLibrary">
<var>${Nome}</var>
<msg timestamp="20230522 16:01:19.629" level="INFO">${Nome} = Stephany</msg>
<status status="PASS" starttime="20230522 16:01:19.629" endtime="20230522 16:01:19.629"/>
</kw>
<kw name="Input Text" library="SeleniumLibrary">
<arg>${CAMPO_NOME}</arg>
<arg>${Nome}</arg>
<doc>Types the given ``text`` into the text field identified by ``locator``.</doc>
<msg timestamp="20230522 16:01:19.630" level="INFO">Typing text 'Stephany' into text field 'id:form-nome'.</msg>
<status status="PASS" starttime="20230522 16:01:19.630" endtime="20230522 16:01:19.760"/>
</kw>
<kw name="Job" library="FakerLibrary">
<var>${Cargo}</var>
<msg timestamp="20230522 16:01:19.761" level="INFO">${Cargo} = Ilustrador</msg>
<status status="PASS" starttime="20230522 16:01:19.761" endtime="20230522 16:01:19.761"/>
</kw>
<kw name="Input Text" library="SeleniumLibrary">
<arg>${CAMPO_CARGO}</arg>
<arg>${Cargo}</arg>
<doc>Types the given ``text`` into the text field identified by ``locator``.</doc>
<msg timestamp="20230522 16:01:19.762" level="INFO">Typing text 'Ilustrador' into text field 'id:form-cargo'.</msg>
<status status="PASS" starttime="20230522 16:01:19.762" endtime="20230522 16:01:19.897"/>
</kw>
<kw name="Image Url" library="FakerLibrary">
<var>${Imagem}</var>
<doc>Returns URL to placeholder image
Example: http://placehold.it/640x480</doc>
<msg timestamp="20230522 16:01:19.898" level="INFO">${Imagem} = https://picsum.photos/999/309</msg>
<status status="PASS" starttime="20230522 16:01:19.898" endtime="20230522 16:01:19.899"/>
</kw>
<kw name="Input Text" library="SeleniumLibrary">
<arg>${CAMPO_IMAGEM}</arg>
<arg>${Imagem}</arg>
<doc>Types the given ``text`` into the text field identified by ``locator``.</doc>
<msg timestamp="20230522 16:01:19.900" level="INFO">Typing text 'https://picsum.photos/999/309' into text field 'id:form-imagem'.</msg>
<status status="PASS" starttime="20230522 16:01:19.899" endtime="20230522 16:01:20.060"/>
</kw>
<kw name="Click Element" library="SeleniumLibrary">
<arg>${CAMPO_TIME}</arg>
<doc>Click the element identified by ``locator``.</doc>
<msg timestamp="20230522 16:01:20.062" level="INFO">Clicking element 'class:lista-suspensa'.</msg>
<status status="PASS" starttime="20230522 16:01:20.061" endtime="20230522 16:01:20.162"/>
</kw>
<kw name="Click Element" library="SeleniumLibrary">
<arg>${selecionar_time}[0]</arg>
<doc>Click the element identified by ``locator``.</doc>
<msg timestamp="20230522 16:01:20.164" level="INFO">Clicking element '//option[contains(.,'Programação')]'.</msg>
<status status="PASS" starttime="20230522 16:01:20.163" endtime="20230522 16:01:20.207"/>
</kw>
<status status="PASS" starttime="20230522 16:01:19.629" endtime="20230522 16:01:20.208"/>
</kw>
<kw name="Click Element" library="SeleniumLibrary">
<arg>${time}</arg>
<doc>Click the element identified by ``locator``.</doc>
<msg timestamp="20230522 16:01:20.210" level="INFO">Clicking element '//option[contains(.,'Front-End')]'.</msg>
<status status="PASS" starttime="20230522 16:01:20.208" endtime="20230522 16:01:20.256"/>
</kw>
<kw name="E clique no botão &quot;Criar Card&quot;">
<kw name="Click Element" library="SeleniumLibrary">
<arg>${BOTAO_CARD}</arg>
<doc>Click the element identified by ``locator``.</doc>
<msg timestamp="20230522 16:01:20.258" level="INFO">Clicking element 'id:form-botao'.</msg>
<status status="PASS" starttime="20230522 16:01:20.257" endtime="20230522 16:01:20.342"/>
</kw>
<status status="PASS" starttime="20230522 16:01:20.257" endtime="20230522 16:01:20.342"/>
</kw>
<status status="PASS" starttime="20230522 16:01:19.628" endtime="20230522 16:01:20.342"/>
</iter>
<iter>
<var name="${indice}">2</var>
<var name="${time}">//option[contains(.,'Data Science')]</var>
<kw name="Dado que eu preencha os campos do formulário">
<kw name="First Name" library="FakerLibrary">
<var>${Nome}</var>
<msg timestamp="20230522 16:01:20.344" level="INFO">${Nome} = Helena</msg>
<status status="PASS" starttime="20230522 16:01:20.344" endtime="20230522 16:01:20.344"/>
</kw>
<kw name="Input Text" library="SeleniumLibrary">
<arg>${CAMPO_NOME}</arg>
<arg>${Nome}</arg>
<doc>Types the given ``text`` into the text field identified by ``locator``.</doc>
<msg timestamp="20230522 16:01:20.345" level="INFO">Typing text 'Helena' into text field 'id:form-nome'.</msg>
<status status="PASS" starttime="20230522 16:01:20.345" endtime="20230522 16:01:20.470"/>
</kw>
<kw name="Job" library="FakerLibrary">
<var>${Cargo}</var>
<msg timestamp="20230522 16:01:20.470" level="INFO">${Cargo} = Psicomotricista</msg>
<status status="PASS" starttime="20230522 16:01:20.470" endtime="20230522 16:01:20.470"/>
</kw>
<kw name="Input Text" library="SeleniumLibrary">
<arg>${CAMPO_CARGO}</arg>
<arg>${Cargo}</arg>
<doc>Types the given ``text`` into the text field identified by ``locator``.</doc>
<msg timestamp="20230522 16:01:20.472" level="INFO">Typing text 'Psicomotricista' into text field 'id:form-cargo'.</msg>
<status status="PASS" starttime="20230522 16:01:20.471" endtime="20230522 16:01:20.628"/>
</kw>
<kw name="Image Url" library="FakerLibrary">
<var>${Imagem}</var>
<doc>Returns URL to placeholder image
Example: http://placehold.it/640x480</doc>
<msg timestamp="20230522 16:01:20.629" level="INFO">${Imagem} = https://dummyimage.com/875x188</msg>
<status status="PASS" starttime="20230522 16:01:20.629" endtime="20230522 16:01:20.629"/>
</kw>
<kw name="Input Text" library="SeleniumLibrary">
<arg>${CAMPO_IMAGEM}</arg>
<arg>${Imagem}</arg>
<doc>Types the given ``text`` into the text field identified by ``locator``.</doc>
<msg timestamp="20230522 16:01:20.631" level="INFO">Typing text 'https://dummyimage.com/875x188' into text field 'id:form-imagem'.</msg>
<status status="PASS" starttime="20230522 16:01:20.630" endtime="20230522 16:01:20.784"/>
</kw>
<kw name="Click Element" library="SeleniumLibrary">
<arg>${CAMPO_TIME}</arg>
<doc>Click the element identified by ``locator``.</doc>
<msg timestamp="20230522 16:01:20.786" level="INFO">Clicking element 'class:lista-suspensa'.</msg>
<status status="PASS" starttime="20230522 16:01:20.785" endtime="20230522 16:01:20.878"/>
</kw>
<kw name="Click Element" library="SeleniumLibrary">
<arg>${selecionar_time}[0]</arg>
<doc>Click the element identified by ``locator``.</doc>
<msg timestamp="20230522 16:01:20.879" level="INFO">Clicking element '//option[contains(.,'Programação')]'.</msg>
<status status="PASS" starttime="20230522 16:01:20.878" endtime="20230522 16:01:20.919"/>
</kw>
<status status="PASS" starttime="20230522 16:01:20.343" endtime="20230522 16:01:20.920"/>
</kw>
<kw name="Click Element" library="SeleniumLibrary">
<arg>${time}</arg>
<doc>Click the element identified by ``locator``.</doc>
<msg timestamp="20230522 16:01:20.921" level="INFO">Clicking element '//option[contains(.,'Data Science')]'.</msg>
<status status="PASS" starttime="20230522 16:01:20.920" endtime="20230522 16:01:20.984"/>
</kw>
<kw name="E clique no botão &quot;Criar Card&quot;">
<kw name="Click Element" library="SeleniumLibrary">
<arg>${BOTAO_CARD}</arg>
<doc>Click the element identified by ``locator``.</doc>
<msg timestamp="20230522 16:01:20.986" level="INFO">Clicking element 'id:form-botao'.</msg>
<status status="PASS" starttime="20230522 16:01:20.985" endtime="20230522 16:01:21.062"/>
</kw>
<status status="PASS" starttime="20230522 16:01:20.985" endtime="20230522 16:01:21.062"/>
</kw>
<status status="PASS" starttime="20230522 16:01:20.343" endtime="20230522 16:01:21.062"/>
</iter>
<iter>
<var name="${indice}">3</var>
<var name="${time}">//option[contains(.,'Devops')]</var>
<kw name="Dado que eu preencha os campos do formulário">
<kw name="First Name" library="FakerLibrary">
<var>${Nome}</var>
<msg timestamp="20230522 16:01:21.063" level="INFO">${Nome} = Cecília</msg>
<status status="PASS" starttime="20230522 16:01:21.063" endtime="20230522 16:01:21.064"/>
</kw>
<kw name="Input Text" library="SeleniumLibrary">
<arg>${CAMPO_NOME}</arg>
<arg>${Nome}</arg>
<doc>Types the given ``text`` into the text field identified by ``locator``.</doc>
<msg timestamp="20230522 16:01:21.064" level="INFO">Typing text 'Cecília' into text field 'id:form-nome'.</msg>
<status status="PASS" starttime="20230522 16:01:21.064" endtime="20230522 16:01:21.195"/>
</kw>
<kw name="Job" library="FakerLibrary">
<var>${Cargo}</var>
<msg timestamp="20230522 16:01:21.196" level="INFO">${Cargo} = Polidor de produção</msg>
<status status="PASS" starttime="20230522 16:01:21.195" endtime="20230522 16:01:21.196"/>
</kw>
<kw name="Input Text" library="SeleniumLibrary">
<arg>${CAMPO_CARGO}</arg>
<arg>${Cargo}</arg>
<doc>Types the given ``text`` into the text field identified by ``locator``.</doc>
<msg timestamp="20230522 16:01:21.197" level="INFO">Typing text 'Polidor de produção' into text field 'id:form-cargo'.</msg>
<status status="PASS" starttime="20230522 16:01:21.196" endtime="20230522 16:01:21.346"/>
</kw>
<kw name="Image Url" library="FakerLibrary">
<var>${Imagem}</var>
<doc>Returns URL to placeholder image
Example: http://placehold.it/640x480</doc>
<msg timestamp="20230522 16:01:21.348" level="INFO">${Imagem} = https://picsum.photos/355/601</msg>
<status status="PASS" starttime="20230522 16:01:21.347" endtime="20230522 16:01:21.348"/>
</kw>
<kw name="Input Text" library="SeleniumLibrary">
<arg>${CAMPO_IMAGEM}</arg>
<arg>${Imagem}</arg>
<doc>Types the given ``text`` into the text field identified by ``locator``.</doc>
<msg timestamp="20230522 16:01:21.349" level="INFO">Typing text 'https://picsum.photos/355/601' into text field 'id:form-imagem'.</msg>
<status status="PASS" starttime="20230522 16:01:21.348" endtime="20230522 16:01:21.519"/>
</kw>
<kw name="Click Element" library="SeleniumLibrary">
<arg>${CAMPO_TIME}</arg>
<doc>Click the element identified by ``locator``.</doc>
<msg timestamp="20230522 16:01:21.520" level="INFO">Clicking element 'class:lista-suspensa'.</msg>
<status status="PASS" starttime="20230522 16:01:21.519" endtime="20230522 16:01:21.610"/>
</kw>
<kw name="Click Element" library="SeleniumLibrary">
<arg>${selecionar_time}[0]</arg>
<doc>Click the element identified by ``locator``.</doc>
<msg timestamp="20230522 16:01:21.611" level="INFO">Clicking element '//option[contains(.,'Programação')]'.</msg>
<status status="PASS" starttime="20230522 16:01:21.610" endtime="20230522 16:01:21.662"/>
</kw>
<status status="PASS" starttime="20230522 16:01:21.063" endtime="20230522 16:01:21.663"/>
</kw>
<kw name="Click Element" library="SeleniumLibrary">
<arg>${time}</arg>
<doc>Click the element identified by ``locator``.</doc>
<msg timestamp="20230522 16:01:21.664" level="INFO">Clicking element '//option[contains(.,'Devops')]'.</msg>
<status status="PASS" starttime="20230522 16:01:21.663" endtime="20230522 16:01:21.718"/>
</kw>
<kw name="E clique no botão &quot;Criar Card&quot;">
<kw name="Click Element" library="SeleniumLibrary">
<arg>${BOTAO_CARD}</arg>
<doc>Click the element identified by ``locator``.</doc>
<msg timestamp="20230522 16:01:21.719" level="INFO">Clicking element 'id:form-botao'.</msg>
<status status="PASS" starttime="20230522 16:01:21.719" endtime="20230522 16:01:21.799"/>
</kw>
<status status="PASS" starttime="20230522 16:01:21.718" endtime="20230522 16:01:21.799"/>
</kw>
<status status="PASS" starttime="20230522 16:01:21.063" endtime="20230522 16:01:21.800"/>
</iter>
<iter>
<var name="${indice}">4</var>
<var name="${time}">//option[contains(.,'UX e Design')]</var>
<kw name="Dado que eu preencha os campos do formulário">
<kw name="First Name" library="FakerLibrary">
<var>${Nome}</var>
<msg timestamp="20230522 16:01:21.801" level="INFO">${Nome} = Augusto</msg>
<status status="PASS" starttime="20230522 16:01:21.801" endtime="20230522 16:01:21.801"/>
</kw>
<kw name="Input Text" library="SeleniumLibrary">
<arg>${CAMPO_NOME}</arg>
<arg>${Nome}</arg>
<doc>Types the given ``text`` into the text field identified by ``locator``.</doc>
<msg timestamp="20230522 16:01:21.802" level="INFO">Typing text 'Augusto' into text field 'id:form-nome'.</msg>
<status status="PASS" starttime="20230522 16:01:21.801" endtime="20230522 16:01:21.932"/>
</kw>
<kw name="Job" library="FakerLibrary">
<var>${Cargo}</var>
<msg timestamp="20230522 16:01:21.933" level="INFO">${Cargo} = Pizzaiolo</msg>
<status status="PASS" starttime="20230522 16:01:21.932" endtime="20230522 16:01:21.933"/>
</kw>
<kw name="Input Text" library="SeleniumLibrary">
<arg>${CAMPO_CARGO}</arg>
<arg>${Cargo}</arg>
<doc>Types the given ``text`` into the text field identified by ``locator``.</doc>
<msg timestamp="20230522 16:01:21.934" level="INFO">Typing text 'Pizzaiolo' into text field 'id:form-cargo'.</msg>
<status status="PASS" starttime="20230522 16:01:21.933" endtime="20230522 16:01:22.081"/>
</kw>
<kw name="Image Url" library="FakerLibrary">
<var>${Imagem}</var>
<doc>Returns URL to placeholder image
Example: http://placehold.it/640x480</doc>
<msg timestamp="20230522 16:01:22.082" level="INFO">${Imagem} = https://dummyimage.com/408x738</msg>
<status status="PASS" starttime="20230522 16:01:22.082" endtime="20230522 16:01:22.082"/>
</kw>
<kw name="Input Text" library="SeleniumLibrary">
<arg>${CAMPO_IMAGEM}</arg>
<arg>${Imagem}</arg>
<doc>Types the given ``text`` into the text field identified by ``locator``.</doc>
<msg timestamp="20230522 16:01:22.083" level="INFO">Typing text 'https://dummyimage.com/408x738' into text field 'id:form-imagem'.</msg>
<status status="PASS" starttime="20230522 16:01:22.083" endtime="20230522 16:01:22.241"/>
</kw>
<kw name="Click Element" library="SeleniumLibrary">
<arg>${CAMPO_TIME}</arg>
<doc>Click the element identified by ``locator``.</doc>
<msg timestamp="20230522 16:01:22.242" level="INFO">Clicking element 'class:lista-suspensa'.</msg>
<status status="PASS" starttime="20230522 16:01:22.242" endtime="20230522 16:01:22.319"/>
</kw>
<kw name="Click Element" library="SeleniumLibrary">
<arg>${selecionar_time}[0]</arg>
<doc>Click the element identified by ``locator``.</doc>
<msg timestamp="20230522 16:01:22.320" level="INFO">Clicking element '//option[contains(.,'Programação')]'.</msg>
<status status="PASS" starttime="20230522 16:01:22.319" endtime="20230522 16:01:22.367"/>
</kw>
<status status="PASS" starttime="20230522 16:01:21.800" endtime="20230522 16:01:22.368"/>
</kw>
<kw name="Click Element" library="SeleniumLibrary">
<arg>${time}</arg>
<doc>Click the element identified by ``locator``.</doc>
<msg timestamp="20230522 16:01:22.369" level="INFO">Clicking element '//option[contains(.,'UX e Design')]'.</msg>
<status status="PASS" starttime="20230522 16:01:22.368" endtime="20230522 16:01:22.418"/>
</kw>
<kw name="E clique no botão &quot;Criar Card&quot;">
<kw name="Click Element" library="SeleniumLibrary">
<arg>${BOTAO_CARD}</arg>
<doc>Click the element identified by ``locator``.</doc>
<msg timestamp="20230522 16:01:22.420" level="INFO">Clicking element 'id:form-botao'.</msg>
<status status="PASS" starttime="20230522 16:01:22.419" endtime="20230522 16:01:22.508"/>
</kw>
<status status="PASS" starttime="20230522 16:01:22.418" endtime="20230522 16:01:22.508"/>
</kw>
<status status="PASS" starttime="20230522 16:01:21.800" endtime="20230522 16:01:22.508"/>
</iter>
<iter>
<var name="${indice}">5</var>
<var name="${time}">//option[contains(.,'Mobile')]</var>
<kw name="Dado que eu preencha os campos do formulário">
<kw name="First Name" library="FakerLibrary">
<var>${Nome}</var>
<msg timestamp="20230522 16:01:22.510" level="INFO">${Nome} = Emanuel</msg>
<status status="PASS" starttime="20230522 16:01:22.510" endtime="20230522 16:01:22.510"/>
</kw>
<kw name="Input Text" library="SeleniumLibrary">
<arg>${CAMPO_NOME}</arg>
<arg>${Nome}</arg>
<doc>Types the given ``text`` into the text field identified by ``locator``.</doc>
<msg timestamp="20230522 16:01:22.511" level="INFO">Typing text 'Emanuel' into text field 'id:form-nome'.</msg>
<status status="PASS" starttime="20230522 16:01:22.511" endtime="20230522 16:01:22.632"/>
</kw>
<kw name="Job" library="FakerLibrary">
<var>${Cargo}</var>
<msg timestamp="20230522 16:01:22.633" level="INFO">${Cargo} = Coordenador</msg>
<status status="PASS" starttime="20230522 16:01:22.633" endtime="20230522 16:01:22.633"/>
</kw>
<kw name="Input Text" library="SeleniumLibrary">
<arg>${CAMPO_CARGO}</arg>
<arg>${Cargo}</arg>
<doc>Types the given ``text`` into the text field identified by ``locator``.</doc>
<msg timestamp="20230522 16:01:22.634" level="INFO">Typing text 'Coordenador' into text field 'id:form-cargo'.</msg>
<status status="PASS" starttime="20230522 16:01:22.634" endtime="20230522 16:01:22.772"/>
</kw>
<kw name="Image Url" library="FakerLibrary">
<var>${Imagem}</var>
<doc>Returns URL to placeholder image
Example: http://placehold.it/640x480</doc>
<msg timestamp="20230522 16:01:22.773" level="INFO">${Imagem} = https://picsum.photos/958/548</msg>
<status status="PASS" starttime="20230522 16:01:22.772" endtime="20230522 16:01:22.773"/>
</kw>
<kw name="Input Text" library="SeleniumLibrary">
<arg>${CAMPO_IMAGEM}</arg>
<arg>${Imagem}</arg>
<doc>Types the given ``text`` into the text field identified by ``locator``.</doc>
<msg timestamp="20230522 16:01:22.775" level="INFO">Typing text 'https://picsum.photos/958/548' into text field 'id:form-imagem'.</msg>
<status status="PASS" starttime="20230522 16:01:22.774" endtime="20230522 16:01:22.947"/>
</kw>
<kw name="Click Element" library="SeleniumLibrary">
<arg>${CAMPO_TIME}</arg>
<doc>Click the element identified by ``locator``.</doc>
<msg timestamp="20230522 16:01:22.948" level="INFO">Clicking element 'class:lista-suspensa'.</msg>
<status status="PASS" starttime="20230522 16:01:22.947" endtime="20230522 16:01:23.039"/>
</kw>
<kw name="Click Element" library="SeleniumLibrary">
<arg>${selecionar_time}[0]</arg>
<doc>Click the element identified by ``locator``.</doc>
<msg timestamp="20230522 16:01:23.041" level="INFO">Clicking element '//option[contains(.,'Programação')]'.</msg>
<status status="PASS" starttime="20230522 16:01:23.040" endtime="20230522 16:01:23.084"/>
</kw>
<status status="PASS" starttime="20230522 16:01:22.509" endtime="20230522 16:01:23.085"/>
</kw>
<kw name="Click Element" library="SeleniumLibrary">
<arg>${time}</arg>
<doc>Click the element identified by ``locator``.</doc>
<msg timestamp="20230522 16:01:23.086" level="INFO">Clicking element '//option[contains(.,'Mobile')]'.</msg>
<status status="PASS" starttime="20230522 16:01:23.085" endtime="20230522 16:01:23.131"/>
</kw>
<kw name="E clique no botão &quot;Criar Card&quot;">
<kw name="Click Element" library="SeleniumLibrary">
<arg>${BOTAO_CARD}</arg>
<doc>Click the element identified by ``locator``.</doc>
<msg timestamp="20230522 16:01:23.133" level="INFO">Clicking element 'id:form-botao'.</msg>
<status status="PASS" starttime="20230522 16:01:23.132" endtime="20230522 16:01:23.238"/>
</kw>
<status status="PASS" starttime="20230522 16:01:23.131" endtime="20230522 16:01:23.238"/>
</kw>
<status status="PASS" starttime="20230522 16:01:22.509" endtime="20230522 16:01:23.239"/>
</iter>
<iter>
<var name="${indice}">6</var>
<var name="${time}">//option[contains(.,'Inovação')]</var>
<kw name="Dado que eu preencha os campos do formulário">
<kw name="First Name" library="FakerLibrary">
<var>${Nome}</var>
<msg timestamp="20230522 16:01:23.242" level="INFO">${Nome} = Carlos Eduardo</msg>
<status status="PASS" starttime="20230522 16:01:23.241" endtime="20230522 16:01:23.242"/>
</kw>
<kw name="Input Text" library="SeleniumLibrary">
<arg>${CAMPO_NOME}</arg>
<arg>${Nome}</arg>
<doc>Types the given ``text`` into the text field identified by ``locator``.</doc>
<msg timestamp="20230522 16:01:23.244" level="INFO">Typing text 'Carlos Eduardo' into text field 'id:form-nome'.</msg>
<status status="PASS" starttime="20230522 16:01:23.243" endtime="20230522 16:01:23.371"/>
</kw>
<kw name="Job" library="FakerLibrary">
<var>${Cargo}</var>
<msg timestamp="20230522 16:01:23.373" level="INFO">${Cargo} = Trilheiro ou músico de cinema</msg>
<status status="PASS" starttime="20230522 16:01:23.372" endtime="20230522 16:01:23.373"/>
</kw>
<kw name="Input Text" library="SeleniumLibrary">
<arg>${CAMPO_CARGO}</arg>
<arg>${Cargo}</arg>
<doc>Types the given ``text`` into the text field identified by ``locator``.</doc>
<msg timestamp="20230522 16:01:23.374" level="INFO">Typing text 'Trilheiro ou músico de cinema' into text field 'id:form-cargo'.</msg>
<status status="PASS" starttime="20230522 16:01:23.373" endtime="20230522 16:01:23.530"/>
</kw>
<kw name="Image Url" library="FakerLibrary">
<var>${Imagem}</var>
<doc>Returns URL to placeholder image
Example: http://placehold.it/640x480</doc>
<msg timestamp="20230522 16:01:23.531" level="INFO">${Imagem} = https://placekitten.com/931/215</msg>
<status status="PASS" starttime="20230522 16:01:23.531" endtime="20230522 16:01:23.531"/>
</kw>
<kw name="Input Text" library="SeleniumLibrary">
<arg>${CAMPO_IMAGEM}</arg>
<arg>${Imagem}</arg>
<doc>Types the given ``text`` into the text field identified by ``locator``.</doc>
<msg timestamp="20230522 16:01:23.532" level="INFO">Typing text 'https://placekitten.com/931/215' into text field 'id:form-imagem'.</msg>
<status status="PASS" starttime="20230522 16:01:23.531" endtime="20230522 16:01:23.726"/>
</kw>
<kw name="Click Element" library="SeleniumLibrary">
<arg>${CAMPO_TIME}</arg>
<doc>Click the element identified by ``locator``.</doc>
<msg timestamp="20230522 16:01:23.727" level="INFO">Clicking element 'class:lista-suspensa'.</msg>
<status status="PASS" starttime="20230522 16:01:23.726" endtime="20230522 16:01:23.826"/>
</kw>
<kw name="Click Element" library="SeleniumLibrary">
<arg>${selecionar_time}[0]</arg>
<doc>Click the element identified by ``locator``.</doc>
<msg timestamp="20230522 16:01:23.827" level="INFO">Clicking element '//option[contains(.,'Programação')]'.</msg>
<status status="PASS" starttime="20230522 16:01:23.826" endtime="20230522 16:01:23.876"/>
</kw>
<status status="PASS" starttime="20230522 16:01:23.240" endtime="20230522 16:01:23.877"/>
</kw>
<kw name="Click Element" library="SeleniumLibrary">
<arg>${time}</arg>
<doc>Click the element identified by ``locator``.</doc>
<msg timestamp="20230522 16:01:23.879" level="INFO">Clicking element '//option[contains(.,'Inovação')]'.</msg>
<status status="PASS" starttime="20230522 16:01:23.878" endtime="20230522 16:01:23.925"/>
</kw>
<kw name="E clique no botão &quot;Criar Card&quot;">
<kw name="Click Element" library="SeleniumLibrary">
<arg>${BOTAO_CARD}</arg>
<doc>Click the element identified by ``locator``.</doc>
<msg timestamp="20230522 16:01:23.927" level="INFO">Clicking element 'id:form-botao'.</msg>
<status status="PASS" starttime="20230522 16:01:23.927" endtime="20230522 16:01:23.998"/>
</kw>
<status status="PASS" starttime="20230522 16:01:23.926" endtime="20230522 16:01:23.998"/>
</kw>
<status status="PASS" starttime="20230522 16:01:23.239" endtime="20230522 16:01:23.999"/>
</iter>
<status status="PASS" starttime="20230522 16:01:18.769" endtime="20230522 16:01:23.999"/>
</for>
<kw name="Sleep" library="BuiltIn">
<arg>10s</arg>
<doc>Pauses the test executed for the given time.</doc>
<msg timestamp="20230522 16:01:34.000" level="INFO">Slept 10 seconds</msg>
<status status="PASS" starttime="20230522 16:01:23.999" endtime="20230522 16:01:34.000"/>
</kw>
<status status="PASS" starttime="20230522 16:01:18.768" endtime="20230522 16:01:34.000"/>
</kw>
<kw name="Fechar o navegador" library="setup_teardown" type="TEARDOWN">
<kw name="Close Browser" library="SeleniumLibrary">
<doc>Closes the current browser.</doc>
<status status="PASS" starttime="20230522 16:01:34.001" endtime="20230522 16:01:36.222"/>
</kw>
<status status="PASS" starttime="20230522 16:01:34.000" endtime="20230522 16:01:36.223"/>
</kw>
<status status="PASS" starttime="20230522 16:01:15.782" endtime="20230522 16:01:36.225"/>
</test>
<status status="PASS" starttime="20230522 16:00:52.512" endtime="20230522 16:01:36.229"/>
</suite>
<statistics>
<total>
<stat pass="3" fail="0" skip="0">All Tests</stat>
</total>
<tag>
</tag>
<suite>
<stat pass="3" fail="0" skip="0" id="s1" name="Preenchimento Correto">Preenchimento Correto</stat>
</suite>
</statistics>
<errors>
</errors>
</robot>
